<?xml version="1.0" encoding="UTF-8"?>
<!-- Generated by org.testng.reporters.JUnitReportReporter -->
<testsuite skipped="0" hostname="DESKTOP-2B3OB08" name="com.googletest.qa.test.GoogleSearchTest" tests="2" failures="0" timestamp="2019-10-11T04:52:28 BST" time="114.648" errors="0">
  <testcase name="googleSearchTest2" time="25.414" classname="com.googletest.qa.test.GoogleSearchTest"/>
  <testcase name="googleSearchTest1" time="89.234" classname="com.googletest.qa.test.GoogleSearchTest"/>
</testsuite> <!-- com.googletest.qa.test.GoogleSearchTest -->
