<?xml version="1.0" encoding="UTF-8"?>
<!-- Generated by org.testng.reporters.JUnitReportReporter -->
<testsuite hostname="DESKTOP-2B3OB08" name="com.googletest.qa.test.GoogleSearchTest_chrome" tests="2" failures="0" timestamp="11 Oct 2019 05:43:29 GMT" time="99.563" errors="0">
  <testcase name="googleSearchTest1" time="86.001" classname="com.googletest.qa.test.GoogleSearchTest_chrome"/>
  <testcase name="googleSearchTest2" time="13.562" classname="com.googletest.qa.test.GoogleSearchTest_chrome"/>
</testsuite> <!-- com.googletest.qa.test.GoogleSearchTest_chrome -->
