<?xml version="1.0" encoding="UTF-8"?>
<!-- Generated by org.testng.reporters.JUnitReportReporter -->
<testsuite hostname="DESKTOP-2B3OB08" name="com.googletest.qa.test.GoogleSearchTest_ff" tests="2" failures="0" timestamp="11 Oct 2019 05:35:57 GMT" time="98.576" errors="0">
  <testcase name="googleSearchTest1" time="75.927" classname="com.googletest.qa.test.GoogleSearchTest_ff"/>
  <testcase name="googleSearchTest2" time="22.649" classname="com.googletest.qa.test.GoogleSearchTest_ff"/>
</testsuite> <!-- com.googletest.qa.test.GoogleSearchTest_ff -->
