<?xml version="1.0" encoding="UTF-8"?>
<!-- Generated by org.testng.reporters.JUnitReportReporter -->
<testsuite hostname="DESKTOP-2B3OB08" name="com.ScottLogic.qa.test.ScottLogicSearchTest_chrome" tests="2" failures="0" timestamp="5 Nov 2019 05:05:42 GMT" time="76.035" errors="0">
  <testcase name="scottLogicSearchTest1" time="65.761" classname="com.ScottLogic.qa.test.ScottLogicSearchTest_chrome"/>
  <testcase name="scottLogicSearchTest2" time="10.274" classname="com.ScottLogic.qa.test.ScottLogicSearchTest_chrome"/>
</testsuite> <!-- com.ScottLogic.qa.test.ScottLogicSearchTest_chrome -->
