<?xml version="1.0" encoding="UTF-8"?>
<!-- Generated by org.testng.reporters.JUnitReportReporter -->
<testsuite hostname="DESKTOP-2B3OB08" name="com.ScottLogic.qa.test.ScottLogicSearchTest_ff" tests="2" failures="0" timestamp="5 Nov 2019 05:52:39 GMT" time="177.953" errors="0">
  <testcase name="scottLogicSearchTest1" time="147.181" classname="com.ScottLogic.qa.test.ScottLogicSearchTest_ff"/>
  <testcase name="scottLogicSearchTest2" time="30.772" classname="com.ScottLogic.qa.test.ScottLogicSearchTest_ff"/>
</testsuite> <!-- com.ScottLogic.qa.test.ScottLogicSearchTest_ff -->
