<?xml version="1.0" encoding="UTF-8"?>
<!-- Generated by org.testng.reporters.JUnitReportReporter -->
<testsuite hostname="DESKTOP-2B3OB08" name="com.HomeOffice.qa.test.HomeOfficeSearchTest_chrome" tests="2" failures="0" timestamp="5 Nov 2019 04:28:56 GMT" time="66.081" errors="0">
  <testcase name="googleSearchTest1" time="56.371" classname="com.HomeOffice.qa.test.HomeOfficeSearchTest_chrome"/>
  <testcase name="googleSearchTest2" time="9.710" classname="com.HomeOffice.qa.test.HomeOfficeSearchTest_chrome"/>
</testsuite> <!-- com.HomeOffice.qa.test.HomeOfficeSearchTest_chrome -->
