<?xml version="1.0" encoding="UTF-8"?>
<!-- Generated by org.testng.reporters.JUnitReportReporter -->
<testsuite hostname="DESKTOP-2B3OB08" name="com.googletest.qa.test.GoogleSearchTest" tests="2" failures="0" timestamp="11 Oct 2019 00:03:57 GMT" time="60.114" errors="0">
  <testcase name="googleSearchTest2" time="11.848" classname="com.googletest.qa.test.GoogleSearchTest"/>
  <testcase name="googleSearchTest1" time="48.266" classname="com.googletest.qa.test.GoogleSearchTest"/>
</testsuite> <!-- com.googletest.qa.test.GoogleSearchTest -->
